<?xml version="1.0" encoding="UTF-8"?>
<!-- Generated by org.testng.reporters.JUnitReportReporter -->
<testsuite hostname="TYSS-Afshan" failures="0" tests="3" name="testScripts.LoginTest" time="42.396" errors="0" timestamp="2023-02-06T21:54:53 IST" skipped="0">
  <testcase classname="testScripts.LoginTest" name="testCase1" time="14.161"/>
  <system-out/>
  <testcase classname="testScripts.LoginTest" name="testCase1" time="11.296"/>
  <system-out/>
  <testcase classname="testScripts.LoginTest" name="testCase1" time="16.939"/>
  <system-out/>
</testsuite> <!-- testScripts.LoginTest -->
